<?xml version="1.0" encoding="UTF-8"?>
<testsuite xmlns:xsi="http://www.w3.org/2001/XMLSchema-instance" xsi:noNamespaceSchemaLocation="https://maven.apache.org/surefire/maven-failsafe-plugin/xsd/failsafe-test-report-3.0.xsd" version="3.0" name="com.family.schedule.e2e.ScenarioE2ETest" time="18.428" tests="4" errors="0" skipped="0" failures="0">
  <properties>
[...]
</properties>
  <testcase name="TC_SC_04_次女の誤操作防止" classname="com.family.schedule.e2e.ScenarioE2ETest" time="2.761">
    <system-out><![CDATA[23:43:10.805 [main] INFO org.springframework.test.context.support.AnnotationConfigContextLoaderUtils -- Could not detect default configuration classes for test class [com.family.schedule.e2e.ScenarioE2ETest]: ScenarioE2ETest does not declare any static, non-private, non-final, nested classes annotated with @Configuration.
23:43:11.011 [main] INFO org.springframework.boot.test.context.SpringBootTestContextBootstrapper -- Found @SpringBootConfiguration com.family.schedule.FamilyScheduleApplication for test class com.family.schedule.e2e.ScenarioE2ETest

  .   ____          _            __ _ _
 /\\ / ___'_ __ _ _(_)_ __  __ _ \ \ \ \
( ( )\___ | '_ | '_| | '_ \/ _` | \ \ \ \
 \\/  ___)| |_)| | | | | || (_| |  ) ) ) )
  '  |____| .__|_| |_|_| |_\__, | / / / /
 =========|_|==============|___/=/_/_/_/

 :: Spring Boot ::                (v3.3.4)

2026-04-24T23:43:14.789Z  INFO 4573 --- [           main] c.family.schedule.e2e.ScenarioE2ETest    : Starting ScenarioE2ETest using Java 21.0.10 with PID 4573 (started by root in /home/user/test/family-schedule)
2026-04-24T23:43:14.792Z  INFO 4573 --- [           main] c.family.schedule.e2e.ScenarioE2ETest    : The following 1 profile is active: "test"
2026-04-24T23:43:15.927Z  INFO 4573 --- [           main] .s.d.r.c.RepositoryConfigurationDelegate : Bootstrapping Spring Data JPA repositories in DEFAULT mode.
2026-04-24T23:43:16.049Z  INFO 4573 --- [           main] .s.d.r.c.RepositoryConfigurationDelegate : Finished Spring Data repository scanning in 108 ms. Found 2 JPA repository interfaces.
2026-04-24T23:43:17.024Z  INFO 4573 --- [           main] o.s.b.w.embedded.tomcat.TomcatWebServer  : Tomcat initialized with port 0 (http)
2026-04-24T23:43:17.056Z  INFO 4573 --- [           main] o.apache.catalina.core.StandardService   : Starting service [Tomcat]
2026-04-24T23:43:17.058Z  INFO 4573 --- [           main] o.apache.catalina.core.StandardEngine    : Starting Servlet engine: [Apache Tomcat/10.1.30]
2026-04-24T23:43:17.220Z  INFO 4573 --- [           main] o.a.c.c.C.[Tomcat].[localhost].[/]       : Initializing Spring embedded WebApplicationContext
2026-04-24T23:43:17.222Z  INFO 4573 --- [           main] w.s.c.ServletWebServerApplicationContext : Root WebApplicationContext: initialization completed in 2395 ms
2026-04-24T23:43:17.708Z  INFO 4573 --- [           main] com.zaxxer.hikari.HikariDataSource       : HikariPool-1 - Starting...
2026-04-24T23:43:18.140Z  INFO 4573 --- [           main] com.zaxxer.hikari.pool.HikariPool        : HikariPool-1 - Added connection conn0: url=jdbc:h2:mem:family user=SA
2026-04-24T23:43:18.144Z  INFO 4573 --- [           main] com.zaxxer.hikari.HikariDataSource       : HikariPool-1 - Start completed.
2026-04-24T23:43:18.233Z  INFO 4573 --- [           main] org.flywaydb.core.FlywayExecutor         : Database: jdbc:h2:mem:family (H2 2.2)
2026-04-24T23:43:18.243Z  WARN 4573 --- [           main] o.f.c.internal.database.base.Database    : Flyway upgrade recommended: H2 2.2.224 is newer than this version of Flyway and support has not been tested. The latest supported version of H2 is 2.2.220.
2026-04-24T23:43:18.286Z  INFO 4573 --- [           main] o.f.c.i.s.JdbcTableSchemaHistory         : Schema history table "PUBLIC"."flyway_schema_history" does not exist yet
2026-04-24T23:43:18.290Z  INFO 4573 --- [           main] o.f.core.internal.command.DbValidate     : Successfully validated 2 migrations (execution time 00:00.027s)
2026-04-24T23:43:18.304Z  INFO 4573 --- [           main] o.f.c.i.s.JdbcTableSchemaHistory         : Creating Schema History table "PUBLIC"."flyway_schema_history" ...
2026-04-24T23:43:18.360Z  INFO 4573 --- [           main] o.f.core.internal.command.DbMigrate      : Current version of schema "PUBLIC": << Empty Schema >>
2026-04-24T23:43:18.369Z  INFO 4573 --- [           main] o.f.core.internal.command.DbMigrate      : Migrating schema "PUBLIC" to version "1 - init"
2026-04-24T23:43:18.398Z  INFO 4573 --- [           main] o.f.core.internal.command.DbMigrate      : Migrating schema "PUBLIC" to version "9 - h2 compat"
2026-04-24T23:43:18.400Z  INFO 4573 --- [           main] o.f.c.i.s.DefaultSqlScriptExecutor       : +----------+
| ?column? |
+----------+
| 1        |
+----------+

2026-04-24T23:43:18.413Z  INFO 4573 --- [           main] o.f.core.internal.command.DbMigrate      : Successfully applied 2 migrations to schema "PUBLIC", now at version v9 (execution time 00:00.016s)
2026-04-24T23:43:18.575Z  INFO 4573 --- [           main] o.hibernate.jpa.internal.util.LogHelper  : HHH000204: Processing PersistenceUnitInfo [name: default]
2026-04-24T23:43:18.723Z  INFO 4573 --- [           main] org.hibernate.Version                    : HHH000412: Hibernate ORM core version 6.5.3.Final
2026-04-24T23:43:18.802Z  INFO 4573 --- [           main] o.h.c.internal.RegionFactoryInitiator    : HHH000026: Second-level cache disabled
2026-04-24T23:43:19.462Z  INFO 4573 --- [           main] o.s.o.j.p.SpringPersistenceUnitInfo      : No LoadTimeWeaver setup: ignoring JPA class transformer
2026-04-24T23:43:19.561Z  WARN 4573 --- [           main] org.hibernate.orm.deprecation            : HHH90000025: H2Dialect does not need to be specified explicitly using 'hibernate.dialect' (remove the property setting and it will be selected by default)
2026-04-24T23:43:21.317Z  INFO 4573 --- [           main] o.h.e.t.j.p.i.JtaPlatformInitiator       : HHH000489: No JTA platform available (set 'hibernate.transaction.jta.platform' to enable JTA platform integration)
2026-04-24T23:43:21.365Z  INFO 4573 --- [           main] j.LocalContainerEntityManagerFactoryBean : Initialized JPA EntityManagerFactory for persistence unit 'default'
2026-04-24T23:43:21.973Z  WARN 4573 --- [           main] JpaBaseConfiguration$JpaWebConfiguration : spring.jpa.open-in-view is enabled by default. Therefore, database queries may be performed during view rendering. Explicitly configure spring.jpa.open-in-view to disable this warning
2026-04-24T23:43:22.006Z  INFO 4573 --- [           main] o.s.b.a.w.s.WelcomePageHandlerMapping    : Adding welcome page: class path resource [static/index.html]
2026-04-24T23:43:22.615Z  INFO 4573 --- [           main] o.s.b.w.embedded.tomcat.TomcatWebServer  : Tomcat started on port 36658 (http) with context path '/'
2026-04-24T23:43:22.624Z  INFO 4573 --- [           main] c.family.schedule.e2e.ScenarioE2ETest    : Started ScenarioE2ETest in 8.47 seconds (process running for 13.151)
2026-04-24T23:43:23.814Z  INFO 4573 --- [o-auto-1-exec-1] o.a.c.c.C.[Tomcat].[localhost].[/]       : Initializing Spring DispatcherServlet 'dispatcherServlet'
2026-04-24T23:43:23.814Z  INFO 4573 --- [o-auto-1-exec-1] o.s.web.servlet.DispatcherServlet        : Initializing Servlet 'dispatcherServlet'
2026-04-24T23:43:23.815Z  INFO 4573 --- [o-auto-1-exec-1] o.s.web.servlet.DispatcherServlet        : Completed initialization in 1 ms
]]></system-out>
    <system-err><![CDATA[WARNING: A Java agent has been loaded dynamically (/root/.m2/repository/net/bytebuddy/byte-buddy-agent/1.14.19/byte-buddy-agent-1.14.19.jar)
WARNING: If a serviceability tool is in use, please run with -XX:+EnableDynamicAgentLoading to hide this warning
WARNING: If a serviceability tool is not in use, please run with -Djdk.instrument.traceUsage for more information
WARNING: Dynamic loading of agents will be disallowed by default in a future release
]]></system-err>
  </testcase>
  <testcase name="TC_SC_01_お母さんの朝" classname="com.family.schedule.e2e.ScenarioE2ETest" time="1.105"/>
  <testcase name="TC_SC_05_削除と確認ダイアログ" classname="com.family.schedule.e2e.ScenarioE2ETest" time="1.705"/>
  <testcase name="TC_SC_02_長女の夜の予定" classname="com.family.schedule.e2e.ScenarioE2ETest" time="0.555"/>
</testsuite>